This file contains any messages produced by compilers while
running configure, to aid debugging if configure makes a mistake.

It was created by configure, which was
generated by GNU Autoconf 2.59.  Invocation command line was

  $ ./configure 

## --------- ##
## Platform. ##
## --------- ##

hostname = binfclust3.pc.sdu.dk
uname -m = x86_64
uname -r = 4.20.0-1-vanilla
uname -s = Linux
uname -v = #1 SMP PREEMPT Tue Jan 8 08:38:29 UTC 2019 (34f009a)

/usr/bin/uname -p = x86_64
/bin/uname -X     = unknown

/bin/arch              = x86_64
/usr/bin/arch -k       = unknown
/usr/convex/getsysinfo = unknown
hostinfo               = unknown
/bin/machine           = unknown
/usr/bin/oslevel       = unknown
/bin/universe          = unknown

PATH: /usr/sbin
PATH: /usr/bin
PATH: /sbin
PATH: /bin


## ----------- ##
## Core tests. ##
## ----------- ##

configure:1345: checking for C++ compiler version
configure:1348: g++ --version </dev/null >&5
g++ (SUSE Linux) 8.3.1 20190226 [gcc-8-branch revision 269204]
Copyright (C) 2018 Free Software Foundation, Inc.
This is free software; see the source for copying conditions.  There is NO
warranty; not even for MERCHANTABILITY or FITNESS FOR A PARTICULAR PURPOSE.

configure:1351: $? = 0
configure:1353: g++ -v </dev/null >&5
Using built-in specs.
COLLECT_GCC=g++
COLLECT_LTO_WRAPPER=/usr/lib64/gcc/x86_64-suse-linux/8/lto-wrapper
OFFLOAD_TARGET_NAMES=hsa:nvptx-none
Target: x86_64-suse-linux
Configured with: ../configure --prefix=/usr --infodir=/usr/share/info --mandir=/usr/share/man --libdir=/usr/lib64 --libexecdir=/usr/lib64 --enable-languages=c,c++,objc,fortran,obj-c++,ada,go --enable-offload-targets=hsa,nvptx-none=/usr/nvptx-none, --without-cuda-driver --enable-checking=release --disable-werror --with-gxx-include-dir=/usr/include/c++/8 --enable-ssp --disable-libssp --disable-libvtv --disable-cet --disable-libcc1 --enable-plugin --with-bugurl=http://bugs.opensuse.org/ --with-pkgversion='SUSE Linux' --with-slibdir=/lib64 --with-system-zlib --enable-libstdcxx-allocator=new --disable-libstdcxx-pch --enable-version-specific-runtime-libs --with-gcc-major-version-only --enable-linker-build-id --enable-linux-futex --enable-gnu-indirect-function --program-suffix=-8 --without-system-libunwind --enable-multilib --with-arch-32=x86-64 --with-tune=generic --build=x86_64-suse-linux --host=x86_64-suse-linux
Thread model: posix
gcc version 8.3.1 20190226 [gcc-8-branch revision 269204] (SUSE Linux) 
configure:1356: $? = 0
configure:1358: g++ -V </dev/null >&5
g++: error: unrecognized command line option '-V'
g++: fatal error: no input files
compilation terminated.
configure:1361: $? = 1
configure:1384: checking for C++ compiler default output file name
configure:1387: g++    conftest.cc  >&5
configure:1390: $? = 0
configure:1436: result: a.out
configure:1441: checking whether the C++ compiler works
configure:1447: ./a.out
configure:1450: $? = 0
configure:1467: result: yes
configure:1474: checking whether we are cross compiling
configure:1476: result: no
configure:1479: checking for suffix of executables
configure:1481: g++ -o conftest    conftest.cc  >&5
configure:1484: $? = 0
configure:1509: result: 
configure:1515: checking for suffix of object files
configure:1536: g++ -c   conftest.cc >&5
configure:1539: $? = 0
configure:1561: result: o
configure:1565: checking whether we are using the GNU C++ compiler
configure:1589: g++ -c   conftest.cc >&5
configure:1595: $? = 0
configure:1598: test -z 			 || test ! -s conftest.err
configure:1601: $? = 0
configure:1604: test -s conftest.o
configure:1607: $? = 0
configure:1620: result: yes
configure:1626: checking whether g++ accepts -g
configure:1647: g++ -c -g  conftest.cc >&5
configure:1653: $? = 0
configure:1656: test -z 			 || test ! -s conftest.err
configure:1659: $? = 0
configure:1662: test -s conftest.o
configure:1665: $? = 0
configure:1676: result: yes
configure:1718: g++ -c -g -O2  conftest.cc >&5
configure:1724: $? = 0
configure:1727: test -z 			 || test ! -s conftest.err
configure:1730: $? = 0
configure:1733: test -s conftest.o
configure:1736: $? = 0
configure:1762: g++ -c -g -O2  conftest.cc >&5
conftest.cc: In function 'int main()':
conftest.cc:13:1: error: 'exit' was not declared in this scope
 exit (42);
 ^~~~
configure:1768: $? = 1
configure: failed program was:
| /* confdefs.h.  */
| 
| #define PACKAGE_NAME ""
| #define PACKAGE_TARNAME ""
| #define PACKAGE_VERSION ""
| #define PACKAGE_STRING ""
| #define PACKAGE_BUGREPORT ""
| /* end confdefs.h.  */
| 
| int
| main ()
| {
| exit (42);
|   ;
|   return 0;
| }
configure:1718: g++ -c -g -O2  conftest.cc >&5
configure:1724: $? = 0
configure:1727: test -z 			 || test ! -s conftest.err
configure:1730: $? = 0
configure:1733: test -s conftest.o
configure:1736: $? = 0
configure:1762: g++ -c -g -O2  conftest.cc >&5
configure:1768: $? = 0
configure:1771: test -z 			 || test ! -s conftest.err
configure:1774: $? = 0
configure:1777: test -s conftest.o
configure:1780: $? = 0

## ---------------- ##
## Cache variables. ##
## ---------------- ##

ac_cv_cxx_compiler_gnu=yes
ac_cv_env_CPPFLAGS_set=
ac_cv_env_CPPFLAGS_value=
ac_cv_env_CXXFLAGS_set=
ac_cv_env_CXXFLAGS_value=
ac_cv_env_CXX_set=
ac_cv_env_CXX_value=
ac_cv_env_LDFLAGS_set=
ac_cv_env_LDFLAGS_value=
ac_cv_env_build_alias_set=
ac_cv_env_build_alias_value=
ac_cv_env_host_alias_set=
ac_cv_env_host_alias_value=
ac_cv_env_target_alias_set=
ac_cv_env_target_alias_value=
ac_cv_exeext=
ac_cv_objext=o
ac_cv_prog_cxx_g=yes

## ----------------- ##
## Output variables. ##
## ----------------- ##

CPPFLAGS=''
CXX='g++'
CXXFLAGS='-g -O2'
DEFS=''
ECHO_C=''
ECHO_N='-n'
ECHO_T=''
EXEEXT=''
LDFLAGS=''
LIBS=''
OBJEXT='o'
PACKAGE_BUGREPORT=''
PACKAGE_NAME=''
PACKAGE_STRING=''
PACKAGE_TARNAME=''
PACKAGE_VERSION=''
PATH_SEPARATOR=':'
SHELL='/bin/sh'
ac_ct_CXX=''
bindir='${exec_prefix}/bin'
build_alias=''
datadir='${prefix}/share'
exec_prefix='NONE'
host_alias=''
includedir='${prefix}/include'
infodir='${prefix}/info'
libdir='${exec_prefix}/lib'
libexecdir='${exec_prefix}/libexec'
localstatedir='${prefix}/var'
mandir='${prefix}/man'
oldincludedir='/usr/include'
prefix='NONE'
program_transform_name='s,x,x,'
sbindir='${exec_prefix}/sbin'
sharedstatedir='${prefix}/com'
sysconfdir='${prefix}/etc'
target_alias=''

## ----------- ##
## confdefs.h. ##
## ----------- ##

#define PACKAGE_BUGREPORT ""
#define PACKAGE_NAME ""
#define PACKAGE_STRING ""
#define PACKAGE_TARNAME ""
#define PACKAGE_VERSION ""
#endif
#ifdef __cplusplus
extern "C" void std::exit (int) throw (); using std::exit;

configure: exit 0
